[H[2J(B[mtop - 18:34:25 up 52 days,  4:15,  1 user,  load average: 0.00, 0.00, 0.00(B[m[39;49m[K
Tasks:(B[m[39;49m(B[m   1 (B[m[39;49mtotal,(B[m[39;49m(B[m   0 (B[m[39;49mrunning,(B[m[39;49m(B[m   1 (B[m[39;49msleeping,(B[m[39;49m(B[m   0 (B[m[39;49mstopped,(B[m[39;49m(B[m   0 (B[m[39;49mzombie(B[m[39;49m[K
Cpu(s):(B[m[39;49m(B[m  0.3%(B[m[39;49mus,(B[m[39;49m(B[m  0.0%(B[m[39;49msy,(B[m[39;49m(B[m  0.0%(B[m[39;49mni,(B[m[39;49m(B[m 99.6%(B[m[39;49mid,(B[m[39;49m(B[m  0.1%(B[m[39;49mwa,(B[m[39;49m(B[m  0.0%(B[m[39;49mhi,(B[m[39;49m(B[m  0.0%(B[m[39;49msi,(B[m[39;49m(B[m  0.0%(B[m[39;49mst(B[m[39;49m[K
Mem: (B[m[39;49m(B[m  4009372k (B[m[39;49mtotal,(B[m[39;49m(B[m  1023744k (B[m[39;49mused,(B[m[39;49m(B[m  2985628k (B[m[39;49mfree,(B[m[39;49m(B[m   488604k (B[m[39;49mbuffers(B[m[39;49m[K
Swap:(B[m[39;49m(B[m  5406712k (B[m[39;49mtotal,(B[m[39;49m(B[m       76k (B[m[39;49mused,(B[m[39;49m(B[m  5406636k (B[m[39;49mfree,(B[m[39;49m(B[m   235856k (B[m[39;49mcached(B[m[39;49m[K
[6;1H
[7m  PID USER      PR  NI  VIRT  RES  SHR S %CPU %MEM    TIME+  COMMAND                                                                          (B[m[39;49m[K
(B[m 9458 xuc       15   0  1516  256  200 S  0.0  0.0   0:00.01 xuc_daemon                                                                       (B[m[39;49m
[J[6;1H[K[H(B[mtop - 18:34:28 up 52 days,  4:15,  1 user,  load average: 0.00, 0.00, 0.00(B[m[39;49m[K
Tasks:(B[m[39;49m(B[m   1 (B[m[39;49mtotal,(B[m[39;49m(B[m   0 (B[m[39;49mrunning,(B[m[39;49m(B[m   1 (B[m[39;49msleeping,(B[m[39;49m(B[m   0 (B[m[39;49mstopped,(B[m[39;49m(B[m   0 (B[m[39;49mzombie(B[m[39;49m[K
Cpu(s):(B[m[39;49m(B[m  0.0%(B[m[39;49mus,(B[m[39;49m(B[m  0.0%(B[m[39;49msy,(B[m[39;49m(B[m  0.0%(B[m[39;49mni,(B[m[39;49m(B[m 99.9%(B[m[39;49mid,(B[m[39;49m(B[m  0.0%(B[m[39;49mwa,(B[m[39;49m(B[m  0.0%(B[m[39;49mhi,(B[m[39;49m(B[m  0.0%(B[m[39;49msi,(B[m[39;49m(B[m  0.0%(B[m[39;49mst(B[m[39;49m[K
Mem: (B[m[39;49m(B[m  4009372k (B[m[39;49mtotal,(B[m[39;49m(B[m  1023992k (B[m[39;49mused,(B[m[39;49m(B[m  2985380k (B[m[39;49mfree,(B[m[39;49m(B[m   488612k (B[m[39;49mbuffers(B[m[39;49m[K
Swap:(B[m[39;49m(B[m  5406712k (B[m[39;49mtotal,(B[m[39;49m(B[m       76k (B[m[39;49mused,(B[m[39;49m(B[m  5406636k (B[m[39;49mfree,(B[m[39;49m(B[m   235860k (B[m[39;49mcached(B[m[39;49m[K
[6;1H
[7m  PID USER      PR  NI  VIRT  RES  SHR S %CPU %MEM    TIME+  COMMAND                                                                          (B[m[39;49m[K

[J[6;1H[K[H(B[mtop - 18:34:31 up 52 days,  4:15,  1 user,  load average: 0.00, 0.00, 0.00(B[m[39;49m[K
Tasks:(B[m[39;49m(B[m   1 (B[m[39;49mtotal,(B[m[39;49m(B[m   0 (B[m[39;49mrunning,(B[m[39;49m(B[m   1 (B[m[39;49msleeping,(B[m[39;49m(B[m   0 (B[m[39;49mstopped,(B[m[39;49m(B[m   0 (B[m[39;49mzombie(B[m[39;49m[K
Cpu(s):(B[m[39;49m(B[m  0.0%(B[m[39;49mus,(B[m[39;49m(B[m  0.0%(B[m[39;49msy,(B[m[39;49m(B[m  0.0%(B[m[39;49mni,(B[m[39;49m(B[m100.0%(B[m[39;49mid,(B[m[39;49m(B[m  0.0%(B[m[39;49mwa,(B[m[39;49m(B[m  0.0%(B[m[39;49mhi,(B[m[39;49m(B[m  0.0%(B[m[39;49msi,(B[m[39;49m(B[m  0.0%(B[m[39;49mst(B[m[39;49m[K
Mem: (B[m[39;49m(B[m  4009372k (B[m[39;49mtotal,(B[m[39;49m(B[m  1023992k (B[m[39;49mused,(B[m[39;49m(B[m  2985380k (B[m[39;49mfree,(B[m[39;49m(B[m   488612k (B[m[39;49mbuffers(B[m[39;49m[K
Swap:(B[m[39;49m(B[m  5406712k (B[m[39;49mtotal,(B[m[39;49m(B[m       76k (B[m[39;49mused,(B[m[39;49m(B[m  5406636k (B[m[39;49mfree,(B[m[39;49m(B[m   235860k (B[m[39;49mcached(B[m[39;49m[K
[6;1H
[7m  PID USER      PR  NI  VIRT  RES  SHR S %CPU %MEM    TIME+  COMMAND                                                                          (B[m[39;49m[K

[J[6;1H[K[H(B[mtop - 18:34:34 up 52 days,  4:15,  1 user,  load average: 0.00, 0.00, 0.00(B[m[39;49m[K
Tasks:(B[m[39;49m(B[m   1 (B[m[39;49mtotal,(B[m[39;49m(B[m   0 (B[m[39;49mrunning,(B[m[39;49m(B[m   1 (B[m[39;49msleeping,(B[m[39;49m(B[m   0 (B[m[39;49mstopped,(B[m[39;49m(B[m   0 (B[m[39;49mzombie(B[m[39;49m[K
Cpu(s):(B[m[39;49m(B[m  0.0%(B[m[39;49mus,(B[m[39;49m(B[m  0.0%(B[m[39;49msy,(B[m[39;49m(B[m  0.0%(B[m[39;49mni,(B[m[39;49m(B[m100.0%(B[m[39;49mid,(B[m[39;49m(B[m  0.0%(B[m[39;49mwa,(B[m[39;49m(B[m  0.0%(B[m[39;49mhi,(B[m[39;49m(B[m  0.0%(B[m[39;49msi,(B[m[39;49m(B[m  0.0%(B[m[39;49mst(B[m[39;49m[K
Mem: (B[m[39;49m(B[m  4009372k (B[m[39;49mtotal,(B[m[39;49m(B[m  1023992k (B[m[39;49mused,(B[m[39;49m(B[m  2985380k (B[m[39;49mfree,(B[m[39;49m(B[m   488620k (B[m[39;49mbuffers(B[m[39;49m[K
Swap:(B[m[39;49m(B[m  5406712k (B[m[39;49mtotal,(B[m[39;49m(B[m       76k (B[m[39;49mused,(B[m[39;49m(B[m  5406636k (B[m[39;49mfree,(B[m[39;49m(B[m   235864k (B[m[39;49mcached(B[m[39;49m[K
[6;1H
[7m  PID USER      PR  NI  VIRT  RES  SHR S %CPU %MEM    TIME+  COMMAND                                                                          (B[m[39;49m[K

[J[6;1H[K[H(B[mtop - 18:34:37 up 52 days,  4:15,  1 user,  load average: 0.00, 0.00, 0.00(B[m[39;49m[K
Tasks:(B[m[39;49m(B[m   1 (B[m[39;49mtotal,(B[m[39;49m(B[m   0 (B[m[39;49mrunning,(B[m[39;49m(B[m   1 (B[m[39;49msleeping,(B[m[39;49m(B[m   0 (B[m[39;49mstopped,(B[m[39;49m(B[m   0 (B[m[39;49mzombie(B[m[39;49m[K
Cpu(s):(B[m[39;49m(B[m  0.0%(B[m[39;49mus,(B[m[39;49m(B[m  0.0%(B[m[39;49msy,(B[m[39;49m(B[m  0.0%(B[m[39;49mni,(B[m[39;49m(B[m100.0%(B[m[39;49mid,(B[m[39;49m(B[m  0.0%(B[m[39;49mwa,(B[m[39;49m(B[m  0.0%(B[m[39;49mhi,(B[m[39;49m(B[m  0.0%(B[m[39;49msi,(B[m[39;49m(B[m  0.0%(B[m[39;49mst(B[m[39;49m[K
Mem: (B[m[39;49m(B[m  4009372k (B[m[39;49mtotal,(B[m[39;49m(B[m  1023868k (B[m[39;49mused,(B[m[39;49m(B[m  2985504k (B[m[39;49mfree,(B[m[39;49m(B[m   488620k (B[m[39;49mbuffers(B[m[39;49m[K
Swap:(B[m[39;49m(B[m  5406712k (B[m[39;49mtotal,(B[m[39;49m(B[m       76k (B[m[39;49mused,(B[m[39;49m(B[m  5406636k (B[m[39;49mfree,(B[m[39;49m(B[m   235864k (B[m[39;49mcached(B[m[39;49m[K
[6;1H
[7m  PID USER      PR  NI  VIRT  RES  SHR S %CPU %MEM    TIME+  COMMAND                                                                          (B[m[39;49m[K

[J[6;1H[K[H(B[mtop - 18:34:40 up 52 days,  4:15,  1 user,  load average: 0.00, 0.00, 0.00(B[m[39;49m[K
Tasks:(B[m[39;49m(B[m   1 (B[m[39;49mtotal,(B[m[39;49m(B[m   0 (B[m[39;49mrunning,(B[m[39;49m(B[m   1 (B[m[39;49msleeping,(B[m[39;49m(B[m   0 (B[m[39;49mstopped,(B[m[39;49m(B[m   0 (B[m[39;49mzombie(B[m[39;49m[K
Cpu(s):(B[m[39;49m(B[m  0.0%(B[m[39;49mus,(B[m[39;49m(B[m  0.0%(B[m[39;49msy,(B[m[39;49m(B[m  0.0%(B[m[39;49mni,(B[m[39;49m(B[m100.0%(B[m[39;49mid,(B[m[39;49m(B[m  0.0%(B[m[39;49mwa,(B[m[39;49m(B[m  0.0%(B[m[39;49mhi,(B[m[39;49m(B[m  0.0%(B[m[39;49msi,(B[m[39;49m(B[m  0.0%(B[m[39;49mst(B[m[39;49m[K
Mem: (B[m[39;49m(B[m  4009372k (B[m[39;49mtotal,(B[m[39;49m(B[m  1023868k (B[m[39;49mused,(B[m[39;49m(B[m  2985504k (B[m[39;49mfree,(B[m[39;49m(B[m   488628k (B[m[39;49mbuffers(B[m[39;49m[K
Swap:(B[m[39;49m(B[m  5406712k (B[m[39;49mtotal,(B[m[39;49m(B[m       76k (B[m[39;49mused,(B[m[39;49m(B[m  5406636k (B[m[39;49mfree,(B[m[39;49m(B[m   235864k (B[m[39;49mcached(B[m[39;49m[K
[6;1H
[7m  PID USER      PR  NI  VIRT  RES  SHR S %CPU %MEM    TIME+  COMMAND                                                                          (B[m[39;49m[K

[J[6;1H[K[48;1H[?12l[?25h
